<?xml version="1.0" encoding="UTF-8"?>
<testsuite xmlns:xsi="http://www.w3.org/2001/XMLSchema-instance" xsi:noNamespaceSchemaLocation="https://maven.apache.org/surefire/maven-surefire-plugin/xsd/surefire-test-report-3.0.xsd" version="3.0" name="com.ney.anti_skull.config.ConfigManagerTest" time="2.138" tests="4" errors="0" skipped="0" failures="0">
  <properties>
[...]
</properties>
  <testcase name="isListEnabled_returnsTrue" classname="com.ney.anti_skull.config.ConfigManagerTest" time="2.031"/>
  <testcase name="areMessagesEnabled_returnsTrue" classname="com.ney.anti_skull.config.ConfigManagerTest" time="0.013"/>
  <testcase name="shouldRemoveSkull_returnsFalse" classname="com.ney.anti_skull.config.ConfigManagerTest" time="0.016"/>
  <testcase name="isSkullBlockingEnabled_returnsTrue" classname="com.ney.anti_skull.config.ConfigManagerTest" time="0.013"/>
</testsuite>